# JRE version: Java(TM) SE Runtime Environment (8.0_102-b14) (build 1.8.0_102-b14)
# Java VM: Java HotSpot(TM) 64-Bit Server VM (25.102-b14 mixed mode windows-amd64 compressed oops)
Heap:
 PSYoungGen      total 1136640K, used 527034K [0x000000076ab00000, 0x00000007c0000000, 0x00000007c0000000)
  eden space 1049600K, 50% used [0x000000076ab00000,0x000000078adae990,0x00000007aac00000)
  from space 87040K, 0% used [0x00000007aac00000,0x00000007aac00000,0x00000007b0100000)
  to   space 87040K, 0% used [0x00000007bab00000,0x00000007bab00000,0x00000007c0000000)
 ParOldGen       total 1398272K, used 210501K [0x00000006c0000000, 0x0000000715580000, 0x000000076ab00000)
  object space 1398272K, 15% used [0x00000006c0000000,0x00000006ccd91600,0x0000000715580000)
 Metaspace       used 13194K, capacity 13440K, committed 13568K, reserved 1060864K
  class space    used 1641K, capacity 1745K, committed 1792K, reserved 1048576K
GC Heap History (8 events):
Event: 11.202 GC heap before
{Heap before GC invocations=1 (full 0):
 PSYoungGen      total 611840K, used 524800K [0x000000076ab00000, 0x0000000795580000, 0x00000007c0000000)
  eden space 524800K, 100% used [0x000000076ab00000,0x000000078ab80000,0x000000078ab80000)
  from space 87040K, 0% used [0x0000000790080000,0x0000000790080000,0x0000000795580000)
  to   space 87040K, 0% used [0x000000078ab80000,0x000000078ab80000,0x0000000790080000)
 ParOldGen       total 1398272K, used 0K [0x00000006c0000000, 0x0000000715580000, 0x000000076ab00000)
  object space 1398272K, 0% used [0x00000006c0000000,0x00000006c0000000,0x0000000715580000)
 Metaspace       used 12763K, capacity 12982K, committed 13056K, reserved 1060864K
  class space    used 1635K, capacity 1742K, committed 1792K, reserved 1048576K
Event: 11.645 GC heap after
Heap after GC invocations=1 (full 0):
 PSYoungGen      total 611840K, used 87027K [0x000000076ab00000, 0x00000007b5600000, 0x00000007c0000000)
  eden space 524800K, 0% used [0x000000076ab00000,0x000000076ab00000,0x000000078ab80000)
  from space 87040K, 99% used [0x000000078ab80000,0x000000079007ce30,0x0000000790080000)
  to   space 87040K, 0% used [0x00000007b0100000,0x00000007b0100000,0x00000007b5600000)
 ParOldGen       total 1398272K, used 352968K [0x00000006c0000000, 0x0000000715580000, 0x000000076ab00000)
  object space 1398272K, 25% used [0x00000006c0000000,0x00000006d58b2000,0x0000000715580000)
 Metaspace       used 12763K, capacity 12982K, committed 13056K, reserved 1060864K
  class space    used 1635K, capacity 1742K, committed 1792K, reserved 1048576K
}
Event: 26.196 GC heap before
{Heap before GC invocations=2 (full 0):
 PSYoungGen      total 611840K, used 611827K [0x000000076ab00000, 0x00000007b5600000, 0x00000007c0000000)
  eden space 524800K, 100% used [0x000000076ab00000,0x000000078ab80000,0x000000078ab80000)
  from space 87040K, 99% used [0x000000078ab80000,0x000000079007ce30,0x0000000790080000)
  to   space 87040K, 0% used [0x00000007b0100000,0x00000007b0100000,0x00000007b5600000)
 ParOldGen       total 1398272K, used 352968K [0x00000006c0000000, 0x0000000715580000, 0x000000076ab00000)
  object space 1398272K, 25% used [0x00000006c0000000,0x00000006d58b2028,0x0000000715580000)
 Metaspace       used 13105K, capacity 13302K, committed 13568K, reserved 1060864K
  class space    used 1637K, capacity 1742K, committed 1792K, reserved 1048576K
Event: 26.693 GC heap after
Heap after GC invocations=2 (full 0):
 PSYoungGen      total 1136640K, used 87011K [0x000000076ab00000, 0x00000007b5600000, 0x00000007c0000000)
  eden space 1049600K, 0% used [0x000000076ab00000,0x000000076ab00000,0x00000007aac00000)
  from space 87040K, 99% used [0x00000007b0100000,0x00000007b55f8e20,0x00000007b5600000)
  to   space 87040K, 0% used [0x00000007aac00000,0x00000007aac00000,0x00000007b0100000)
 ParOldGen       total 1398272K, used 759536K [0x00000006c0000000, 0x0000000715580000, 0x000000076ab00000)
  object space 1398272K, 54% used [0x00000006c0000000,0x00000006ee5bc2c8,0x0000000715580000)
 Metaspace       used 13105K, capacity 13302K, committed 13568K, reserved 1060864K
  class space    used 1637K, capacity 1742K, committed 1792K, reserved 1048576K
}
Event: 35.034 GC heap before
{Heap before GC invocations=3 (full 0):
 PSYoungGen      total 1136640K, used 1136611K [0x000000076ab00000, 0x00000007b5600000, 0x00000007c0000000)
  eden space 1049600K, 100% used [0x000000076ab00000,0x00000007aac00000,0x00000007aac00000)
  from space 87040K, 99% used [0x00000007b0100000,0x00000007b55f8e20,0x00000007b5600000)
  to   space 87040K, 0% used [0x00000007aac00000,0x00000007aac00000,0x00000007b0100000)
 ParOldGen       total 1398272K, used 759539K [0x00000006c0000000, 0x0000000715580000, 0x000000076ab00000)
  object space 1398272K, 54% used [0x00000006c0000000,0x00000006ee5bcca0,0x0000000715580000)
 Metaspace       used 13174K, capacity 13366K, committed 13568K, reserved 1060864K
  class space    used 1637K, capacity 1742K, committed 1792K, reserved 1048576K
Event: 37.198 GC heap after
Heap after GC invocations=3 (full 0):
 PSYoungGen      total 1136640K, used 87011K [0x000000076ab00000, 0x00000007c0000000, 0x00000007c0000000)
  eden space 1049600K, 0% used [0x000000076ab00000,0x000000076ab00000,0x00000007aac00000)
  from space 87040K, 99% used [0x00000007aac00000,0x00000007b00f8e20,0x00000007b0100000)
  to   space 87040K, 0% used [0x00000007bab00000,0x00000007bab00000,0x00000007c0000000)
 ParOldGen       total 1398272K, used 1168379K [0x00000006c0000000, 0x0000000715580000, 0x000000076ab00000)
  object space 1398272K, 83% used [0x00000006c0000000,0x00000007074feca0,0x0000000715580000)
 Metaspace       used 13174K, capacity 13366K, committed 13568K, reserved 1060864K
  class space    used 1637K, capacity 1742K, committed 1792K, reserved 1048576K
}
Event: 37.201 GC heap before
{Heap before GC invocations=4 (full 1):
 PSYoungGen      total 1136640K, used 87011K [0x000000076ab00000, 0x00000007c0000000, 0x00000007c0000000)
  eden space 1049600K, 0% used [0x000000076ab00000,0x000000076ab00000,0x00000007aac00000)
  from space 87040K, 99% used [0x00000007aac00000,0x00000007b00f8e20,0x00000007b0100000)
  to   space 87040K, 0% used [0x00000007bab00000,0x00000007bab00000,0x00000007c0000000)
 ParOldGen       total 1398272K, used 1168379K [0x00000006c0000000, 0x0000000715580000, 0x000000076ab00000)
  object space 1398272K, 83% used [0x00000006c0000000,0x00000007074feca0,0x0000000715580000)
 Metaspace       used 13174K, capacity 13366K, committed 13568K, reserved 1060864K
  class space    used 1637K, capacity 1742K, committed 1792K, reserved 1048576K
Event: 38.371 GC heap after
Heap after GC invocations=4 (full 1):
 PSYoungGen      total 1136640K, used 0K [0x000000076ab00000, 0x00000007c0000000, 0x00000007c0000000)
  eden space 1049600K, 0% used [0x000000076ab00000,0x000000076ab00000,0x00000007aac00000)
  from space 87040K, 0% used [0x00000007aac00000,0x00000007aac00000,0x00000007b0100000)
  to   space 87040K, 0% used [0x00000007bab00000,0x00000007bab00000,0x00000007c0000000)
 ParOldGen       total 1398272K, used 210501K [0x00000006c0000000, 0x0000000715580000, 0x000000076ab00000)
  object space 1398272K, 15% used [0x00000006c0000000,0x00000006ccd91600,0x0000000715580000)
 Metaspace       used 13174K, capacity 13366K, committed 13568K, reserved 1060864K
  class space    used 1637K, capacity 1742K, committed 1792K, reserved 1048576K
}

